<?xml version="1.0" encoding="UTF-8"?>
<!-- Generated by org.testng.reporters.JUnitXMLReporter -->
<testsuite ignored="0" hostname="LAPTOP-RMF5TH8H" failures="1" tests="2" name="Default test" time="29.172" errors="0" timestamp="2022-12-26T17:39:50 IST">
  <testcase classname="io.cucumber.testng.AbstractTestNGCucumberTests" name="runScenario" time="14.597"/>
  <testcase classname="io.cucumber.testng.AbstractTestNGCucumberTests" name="runScenario" time="8.605">
    <failure type="java.lang.AssertionError" message="expected [] but found [https://profile.w3schools.com/]">
      <![CDATA[java.lang.AssertionError: expected [] but found [https://profile.w3schools.com/]
at org.testng.Assert.fail(Assert.java:99)
at org.testng.Assert.failNotEquals(Assert.java:1037)
at org.testng.Assert.assertEqualsImpl(Assert.java:140)
at org.testng.Assert.assertEquals(Assert.java:122)
at org.testng.Assert.assertEquals(Assert.java:629)
at org.testng.Assert.assertEquals(Assert.java:639)
at stepDefinations.LoginStepDefination.Then_user_should_land_on_Homepage_and_verify_url(LoginStepDefination.java:65)
at âœ½.user should land on Homepage and verify url(file:///C:/Users/prade/eclipse-workspace/W3SchoolProj/src/test/java/features/Login.feature:14)
]]>
    </failure>
  </testcase> <!-- runScenario -->
</testsuite> <!-- Default test -->
